17:06:20.831 [main] INFO  testCases.AccountRegistration - Registration started.....
17:06:24.955 [main] INFO  testCases.AccountRegistration - Registration clicked
17:06:27.963 [main] INFO  testCases.AccountRegistration - Provided user informations.
17:11:06.525 [main] INFO  testCases.AccountRegistration - Registration started.....
17:11:10.652 [main] INFO  testCases.AccountRegistration - Registration clicked
17:11:13.661 [main] INFO  testCases.AccountRegistration - Provided user informations.
17:11:16.790 [main] INFO  testCases.AccountRegistration - Finishing registration.....
20:14:41.281 [main] INFO  testCases.AccountRegistration - Registration started.....
20:14:45.228 [main] INFO  testCases.AccountRegistration - Registration clicked
20:14:48.237 [main] INFO  testCases.AccountRegistration - Provided user informations.
20:14:51.375 [main] INFO  testCases.AccountRegistration - Finishing registration.....
21:47:50.603 [main] INFO  testCases.AccountRegistration - Registration started.....
21:47:55.392 [main] INFO  testCases.AccountRegistration - Registration clicked
21:47:58.401 [main] INFO  testCases.AccountRegistration - Provided user informations.
21:48:01.559 [main] INFO  testCases.AccountRegistration - Finishing registration.....
21:48:10.856 [main] INFO  testCases.AccountRegistration - Registration started.....
21:48:14.002 [main] INFO  testCases.AccountRegistration - Registration clicked
21:48:17.004 [main] INFO  testCases.AccountRegistration - Provided user informations.
21:48:20.845 [main] INFO  testCases.AccountRegistration - Clicked on continue....
21:48:33.868 [main] INFO  testCases.AccountRegistration - Finishing registration.....
21:49:37.514 [TestNG-tests-2] INFO  testCases.AccountRegistration - Registration started.....
21:49:40.694 [TestNG-tests-2] INFO  testCases.AccountRegistration - Registration clicked
21:49:40.849 [TestNG-tests-1] INFO  testCases.AccountRegistration - Registration started.....
21:49:43.698 [TestNG-tests-2] INFO  testCases.AccountRegistration - Provided user informations.
21:49:44.656 [TestNG-tests-1] INFO  testCases.AccountRegistration - Registration clicked
21:49:47.464 [TestNG-tests-2] INFO  testCases.AccountRegistration - Clicked on continue....
21:49:47.661 [TestNG-tests-1] INFO  testCases.AccountRegistration - Provided user informations.
21:49:50.847 [TestNG-tests-1] INFO  testCases.AccountRegistration - Finishing registration.....
21:50:03.625 [TestNG-tests-2] INFO  testCases.AccountRegistration - Finishing registration.....
22:21:47.775 [main] INFO  testCases.AccountRegistration - Registration started.....
22:21:51.661 [main] INFO  testCases.AccountRegistration - Registration clicked
22:21:54.668 [main] INFO  testCases.AccountRegistration - Provided user informations.
22:21:57.818 [main] INFO  testCases.AccountRegistration - Finishing registration.....
22:24:10.457 [main] INFO  testCases.AccountRegistration - Registration started.....
22:24:14.302 [main] INFO  testCases.AccountRegistration - Registration clicked
22:24:17.312 [main] INFO  testCases.AccountRegistration - Provided user informations.
22:24:20.450 [main] INFO  testCases.AccountRegistration - Finishing registration.....
11:34:24.310 [main] INFO  testCases.AccountRegistration - Registration started.....
11:34:28.529 [main] INFO  testCases.AccountRegistration - Registration clicked
11:34:31.533 [main] INFO  testCases.AccountRegistration - Provided user informations.
11:34:34.686 [main] INFO  testCases.AccountRegistration - Finishing registration.....
12:12:48.426 [main] INFO  testCases.AccountRegistration - Registration started.....
12:12:52.280 [main] INFO  testCases.AccountRegistration - Registration clicked
12:12:55.286 [main] INFO  testCases.AccountRegistration - Provided user informations.
12:12:58.428 [main] INFO  testCases.AccountRegistration - Finishing registration.....
12:18:32.101 [main] INFO  testCases.AccountRegistration - Registration started.....
12:18:35.981 [main] INFO  testCases.AccountRegistration - Registration clicked
12:18:38.984 [main] INFO  testCases.AccountRegistration - Provided user informations.
12:18:42.114 [main] INFO  testCases.AccountRegistration - Finishing registration.....
12:20:06.205 [main] INFO  testCases.AccountRegistration - Registration started.....
12:20:10.124 [main] INFO  testCases.AccountRegistration - Registration clicked
12:20:13.130 [main] INFO  testCases.AccountRegistration - Provided user informations.
12:20:16.309 [main] INFO  testCases.AccountRegistration - Finishing registration.....
12:21:55.451 [main] INFO  testCases.AccountRegistration - Registration started.....
12:21:59.473 [main] INFO  testCases.AccountRegistration - Registration clicked
12:22:02.494 [main] INFO  testCases.AccountRegistration - Provided user informations.
12:22:05.624 [main] INFO  testCases.AccountRegistration - Finishing registration.....
12:23:42.004 [main] INFO  testCases.AccountRegistration - Registration started.....
12:23:45.848 [main] INFO  testCases.AccountRegistration - Registration clicked
12:23:48.856 [main] INFO  testCases.AccountRegistration - Provided user informations.
12:23:51.980 [main] INFO  testCases.AccountRegistration - Finishing registration.....
12:25:30.774 [main] INFO  testCases.AccountRegistration - Registration started.....
12:25:34.726 [main] INFO  testCases.AccountRegistration - Registration clicked
12:25:37.733 [main] INFO  testCases.AccountRegistration - Provided user informations.
12:25:40.873 [main] INFO  testCases.AccountRegistration - Finishing registration.....
12:33:33.139 [main] INFO  testCases.AccountRegistration - Registration started.....
12:33:37.320 [main] INFO  testCases.AccountRegistration - Registration clicked
12:33:40.331 [main] INFO  testCases.AccountRegistration - Provided user informations.
12:33:43.496 [main] INFO  testCases.AccountRegistration - Finishing registration.....
12:34:33.196 [main] INFO  testCases.AccountRegistration - Registration started.....
12:34:37.099 [main] INFO  testCases.AccountRegistration - Registration clicked
12:34:40.103 [main] INFO  testCases.AccountRegistration - Provided user informations.
12:34:43.234 [main] ERROR testCases.AccountRegistration - test failed
10:54:00.645 [main] INFO  testCases.AccountRegistration - Registration started.....
10:54:04.763 [main] INFO  testCases.AccountRegistration - Registration clicked
10:54:07.775 [main] INFO  testCases.AccountRegistration - Provided user informations.
10:54:10.912 [main] ERROR testCases.AccountRegistration - test failed
20:12:25.760 [main] INFO  testCases.AccountRegistration - Registration started.....
20:12:30.027 [main] INFO  testCases.AccountRegistration - Registration clicked
20:12:33.031 [main] INFO  testCases.AccountRegistration - Provided user informations.
20:12:36.169 [main] ERROR testCases.AccountRegistration - test failed
